<?xml version="1.0" encoding="UTF-8"?>
<testsuite xmlns:xsi="http://www.w3.org/2001/XMLSchema-instance" xsi:noNamespaceSchemaLocation="https://maven.apache.org/surefire/maven-surefire-plugin/xsd/surefire-test-report.xsd" name="ru.krista.summer22.vlasenkov.lab2.ProjectTest" time="0.014" tests="8" errors="0" skipped="0" failures="0">
  <properties>
[...]
</properties>
  <testcase name="createTreeTest" classname="ru.krista.summer22.vlasenkov.lab2.ProjectTest" time="0.002"/>
  <testcase name="seekNodeTest" classname="ru.krista.summer22.vlasenkov.lab2.ProjectTest" time="0"/>
  <testcase name="test1" classname="ru.krista.summer22.vlasenkov.lab2.ProjectTest" time="0"/>
  <testcase name="addNodeTest" classname="ru.krista.summer22.vlasenkov.lab2.ProjectTest" time="0"/>
  <testcase name="changeNodeTest" classname="ru.krista.summer22.vlasenkov.lab2.ProjectTest" time="0"/>
  <testcase name="delAllNodeTest" classname="ru.krista.summer22.vlasenkov.lab2.ProjectTest" time="0"/>
  <testcase name="printTreeTest" classname="ru.krista.summer22.vlasenkov.lab2.ProjectTest" time="0.003"/>
  <testcase name="delNodeTest" classname="ru.krista.summer22.vlasenkov.lab2.ProjectTest" time="0"/>
</testsuite>